<?xml version="1.0" encoding="UTF-8"?>
<!-- Generated by org.testng.reporters.JUnitReportReporter -->
<testsuite hostname="priyankas-MacBook-Pro.local" failures="0" tests="1" name="test.TestComparator" time="0.902" errors="0" timestamp="12 Jul 2020 11:32:17 GMT" skipped="0">
  <testcase classname="test.TestComparator" name="testCompareSpecialCharacterFiles" time="0.902"/>
</testsuite> <!-- test.TestComparator -->
